<?xml version="1.0" encoding="UTF-8"?>
<!-- Generated by org.testng.reporters.JUnitXMLReporter -->
<testsuite hostname="US-5CG6434YRX" name="Default test" tests="2" failures="0" timestamp="5 Apr 2020 13:46:50 GMT" time="122.896" errors="0">
  <testcase name="runScenario" time="0.137" classname="com.aa.cme.TestRunners.TestRunner">
    <skipped/>
  </testcase> <!-- runScenario -->
  <testcase name="scenario" time="0.052" classname="com.aa.cme.TestRunners.TestRunner">
    <skipped/>
  </testcase> <!-- scenario -->
</testsuite> <!-- Default test -->
