<?xml version="1.0" encoding="UTF-8"?>
<!-- Generated by org.testng.reporters.JUnitXMLReporter -->
<testsuite hostname="US-5CG6434YRX" name="Test" tests="4" failures="0" timestamp="24 Apr 2020 14:44:26 GMT" time="188.998" errors="0">
  <testcase name="feature" time="25.909" classname="com.aa.cme.TestRunners.TestRunner"/>
  <testcase name="feature" time="24.174" classname="com.aa.cme.TestRunners.TestRunner"/>
  <testcase name="feature" time="37.088" classname="com.aa.cme.TestRunners.TestRunner"/>
  <testcase name="feature" time="98.811" classname="com.aa.cme.TestRunners.TestRunner"/>
</testsuite> <!-- Test -->
